<?xml version="1.0" encoding="UTF-8"?>
<!-- Generated by org.testng.reporters.JUnitReportReporter -->
<testsuite hostname="LAPTOP-OCNNGM05" failures="0" tests="1" name="POM_Continues.TestCase1" time="4.604" errors="0" timestamp="2024-07-03T18:43:13 IST" skipped="0">
  <testcase classname="POM_Continues.TestCase1" name="Facebook_Login_validCredentails" time="4.604"/>
  <system-out/>
</testsuite> <!-- POM_Continues.TestCase1 -->
