<?xml version="1.0" encoding="UTF-8"?>
<!-- Generated by org.testng.reporters.JUnitReportReporter -->
<testsuite hostname="LAPTOP-OCNNGM05" failures="0" tests="3" name="Project1_GTM_TestCases.TestCase5" time="74.230" errors="0" timestamp="2024-07-13T16:49:58 IST" skipped="0">
  <testcase classname="Project1_GTM_TestCases.TestCase5" name="addtocart" time="24.677"/>
  <system-out/>
  <testcase classname="Project1_GTM_TestCases.TestCase5" name="addtocart" time="24.802"/>
  <system-out/>
  <testcase classname="Project1_GTM_TestCases.TestCase5" name="addtocart" time="24.751"/>
  <system-out/>
</testsuite> <!-- Project1_GTM_TestCases.TestCase5 -->
