<?xml version="1.0" encoding="UTF-8"?>
<!-- Generated by org.testng.reporters.JUnitReportReporter -->
<testsuite hostname="LAPTOP-OCNNGM05" failures="0" tests="1" name="Project1_GTM_TestCases.TestCase4" time="3.893" errors="0" timestamp="2024-07-11T15:25:16 IST" skipped="0">
  <testcase classname="Project1_GTM_TestCases.TestCase4" name="Editprofile_amazon" time="3.893"/>
  <system-out/>
</testsuite> <!-- Project1_GTM_TestCases.TestCase4 -->
