<?xml version="1.0" encoding="UTF-8"?>
<!-- Generated by org.testng.reporters.JUnitReportReporter -->
<testsuite hostname="LAPTOP-OCNNGM05" failures="0" tests="1" name="Amazon_TestCases.TestCase4" time="21.703" errors="0" timestamp="2024-07-06T14:56:15 IST" skipped="0">
  <testcase classname="Amazon_TestCases.TestCase4" name="Amazon" time="21.703"/>
  <system-out/>
</testsuite> <!-- Amazon_TestCases.TestCase4 -->
