<?xml version="1.0" encoding="UTF-8"?>
<!-- Generated by org.testng.reporters.JUnitReportReporter -->
<testsuite hostname="LAPTOP-OCNNGM05" failures="0" tests="6" name="Project1_GTM_TestCases.TestCase2" time="125.250" errors="0" timestamp="2024-07-11T13:58:43 IST" skipped="3">
  <testcase classname="Project1_GTM_TestCases.TestCase2" name="amazon_loginprocess" time="25.765"/>
  <system-out/>
  <testcase classname="Project1_GTM_TestCases.TestCase2" name="amazon_loginprocess" time="16.642">
    <skipped/>
  </testcase> <!-- amazon_loginprocess -->
  <system-out/>
  <testcase classname="Project1_GTM_TestCases.TestCase2" name="amazon_loginprocess" time="18.646"/>
  <system-out/>
  <testcase classname="Project1_GTM_TestCases.TestCase2" name="amazon_loginprocess" time="6.563">
    <skipped/>
  </testcase> <!-- amazon_loginprocess -->
  <system-out/>
  <testcase classname="Project1_GTM_TestCases.TestCase2" name="amazon_loginprocess" time="36.466">
    <skipped/>
  </testcase> <!-- amazon_loginprocess -->
  <system-out/>
  <testcase classname="Project1_GTM_TestCases.TestCase2" name="amazon_loginprocess" time="21.168"/>
  <system-out/>
</testsuite> <!-- Project1_GTM_TestCases.TestCase2 -->
