<?xml version="1.0" encoding="UTF-8"?>
<!-- Generated by org.testng.reporters.JUnitReportReporter -->
<testsuite hostname="LAPTOP-OCNNGM05" failures="0" tests="6" name="Project1_GTM_TestCases.TestCase3" time="66.421" errors="0" timestamp="2024-07-11T14:42:27 IST" skipped="3">
  <testcase classname="Project1_GTM_TestCases.TestCase3" name="Login_Incorrect" time="10.698">
    <skipped/>
  </testcase> <!-- Login_Incorrect -->
  <system-out/>
  <testcase classname="Project1_GTM_TestCases.TestCase3" name="Login_Incorrect" time="10.696">
    <skipped/>
  </testcase> <!-- Login_Incorrect -->
  <system-out/>
  <testcase classname="Project1_GTM_TestCases.TestCase3" name="Login_Incorrect" time="20.704">
    <skipped/>
  </testcase> <!-- Login_Incorrect -->
  <system-out/>
  <testcase classname="Project1_GTM_TestCases.TestCase3" name="Login_Incorrect" time="8.352"/>
  <system-out/>
  <testcase classname="Project1_GTM_TestCases.TestCase3" name="Login_Incorrect" time="9.634"/>
  <system-out/>
  <testcase classname="Project1_GTM_TestCases.TestCase3" name="Login_Incorrect" time="6.337"/>
  <system-out/>
</testsuite> <!-- Project1_GTM_TestCases.TestCase3 -->
