<?xml version="1.0" encoding="UTF-8"?>
<!-- Generated by org.testng.reporters.JUnitReportReporter -->
<testsuite hostname="LAPTOP-OCNNGM05" failures="0" tests="1" name="Scrolling_Applications.Flipkart_Scrolling" time="8.817" errors="0" timestamp="2024-07-09T12:00:14 IST" skipped="0">
  <testcase classname="Scrolling_Applications.Flipkart_Scrolling" name="flipkart_scrolling" time="8.817"/>
  <system-out/>
</testsuite> <!-- Scrolling_Applications.Flipkart_Scrolling -->
