<?xml version="1.0" encoding="UTF-8"?>
<!-- Generated by org.testng.reporters.JUnitReportReporter -->
<testsuite hostname="LAPTOP-OCNNGM05" failures="0" tests="1" name="Amazon_TestCases.TestCase1" time="33.681" errors="0" timestamp="2024-07-06T11:49:36 IST" skipped="0">
  <testcase classname="Amazon_TestCases.TestCase1" name="Amazon" time="33.681"/>
  <system-out/>
</testsuite> <!-- Amazon_TestCases.TestCase1 -->
