<?xml version="1.0" encoding="UTF-8"?>
<!-- Generated by org.testng.reporters.JUnitReportReporter -->
<testsuite hostname="LAPTOP-OCNNGM05" failures="0" tests="1" name="Amazon_TestCases.TestCase2" time="10.123" errors="0" timestamp="2024-07-06T11:54:24 IST" skipped="0">
  <testcase classname="Amazon_TestCases.TestCase2" name="Amazon" time="10.123"/>
  <system-out/>
</testsuite> <!-- Amazon_TestCases.TestCase2 -->
