<?xml version="1.0" encoding="UTF-8"?>
<!-- Generated by org.testng.reporters.JUnitReportReporter -->
<testsuite hostname="LAPTOP-OCNNGM05" failures="0" tests="1" name="Filpkart_TestCases.TestCase1" time="12.459" errors="0" timestamp="2024-07-06T16:04:49 IST" skipped="0">
  <testcase classname="Filpkart_TestCases.TestCase1" name="Flipkart_login" time="12.459"/>
  <system-out/>
</testsuite> <!-- Filpkart_TestCases.TestCase1 -->
