<?xml version="1.0" encoding="UTF-8"?>
<!-- Generated by org.testng.reporters.JUnitReportReporter -->
<testsuite hostname="LAPTOP-OCNNGM05" failures="0" tests="3" name="Project1_GTM_TestCases.TestCase7" time="36.148" errors="0" timestamp="2024-07-14T12:24:43 IST" skipped="0">
  <testcase classname="Project1_GTM_TestCases.TestCase7" name="product_page" time="17.312"/>
  <system-out/>
  <testcase classname="Project1_GTM_TestCases.TestCase7" name="product_page" time="9.410"/>
  <system-out/>
  <testcase classname="Project1_GTM_TestCases.TestCase7" name="product_page" time="9.426"/>
  <system-out/>
</testsuite> <!-- Project1_GTM_TestCases.TestCase7 -->
