<?xml version="1.0" encoding="UTF-8"?>
<!-- Generated by org.testng.reporters.JUnitReportReporter -->
<testsuite hostname="LAPTOP-OCNNGM05" failures="0" tests="1" name="POM_Continues.TestCase2" time="4.143" errors="0" timestamp="2024-07-03T19:45:40 IST" skipped="0">
  <testcase classname="POM_Continues.TestCase2" name="FaceBook_Creation_page" time="4.143"/>
  <system-out/>
</testsuite> <!-- POM_Continues.TestCase2 -->
